<?xml version="1.0" encoding="UTF-8"?>
<!-- Generated by org.testng.reporters.JUnitReportReporter -->
<testsuite hostname="DESKTOP-MTSPVRR" failures="0" tests="3" name="com.DataProviderExample.DataProviderTest" time="18.075" errors="0" timestamp="2022-12-24T17:53:16 EST" skipped="0">
  <testcase classname="com.DataProviderExample.DataProviderTest" name="SignUp" time="5.793"/>
  <system-out/>
  <testcase classname="com.DataProviderExample.DataProviderTest" name="SignUp" time="6.443"/>
  <system-out/>
  <testcase classname="com.DataProviderExample.DataProviderTest" name="SignUp" time="5.839"/>
  <system-out/>
</testsuite> <!-- com.DataProviderExample.DataProviderTest -->
