<?xml version="1.0" encoding="UTF-8"?>
<!-- Generated by org.testng.reporters.JUnitReportReporter -->
<testsuite hostname="DESKTOP-MTSPVRR" failures="0" tests="1" name="com.parameters.ParameterTest" time="8.661" errors="0" timestamp="26 Dec. 2022 00:29:39 GMT" skipped="0">
  <testcase classname="com.parameters.ParameterTest" name="YahooLogin" time="8.661"/>
</testsuite> <!-- com.parameters.ParameterTest -->
