<?xml version="1.0" encoding="UTF-8"?>
<!-- Generated by org.testng.reporters.JUnitReportReporter -->
<testsuite hostname="DESKTOP-MTSPVRR" failures="0" tests="3" name="com.testng.practice.TestNGBasics" time="0.000" errors="0" timestamp="26 Dec. 2022 00:37:58 GMT" skipped="0">
  <testcase classname="com.testng.practice.TestNGBasics" name="logotest" time="0.000"/>
  <testcase classname="com.testng.practice.TestNGBasics" name="searchtest" time="0.000"/>
  <testcase classname="com.testng.practice.TestNGBasics" name="titletest" time="0.000"/>
</testsuite> <!-- com.testng.practice.TestNGBasics -->
